Already up to date.
Looking in indexes: https://pypi.org/simple, https://www.piwheels.org/simple
Requirement already satisfied: discord.py in ./.venv/lib/python3.11/site-packages (2.3.2)
Requirement already satisfied: aiohttp<4,>=3.7.4 in ./.venv/lib/python3.11/site-packages (from discord.py) (3.9.1)
Requirement already satisfied: attrs>=17.3.0 in ./.venv/lib/python3.11/site-packages (from aiohttp<4,>=3.7.4->discord.py) (23.1.0)
Requirement already satisfied: multidict<7.0,>=4.5 in ./.venv/lib/python3.11/site-packages (from aiohttp<4,>=3.7.4->discord.py) (6.0.4)
Requirement already satisfied: yarl<2.0,>=1.0 in ./.venv/lib/python3.11/site-packages (from aiohttp<4,>=3.7.4->discord.py) (1.9.4)
Requirement already satisfied: frozenlist>=1.1.1 in ./.venv/lib/python3.11/site-packages (from aiohttp<4,>=3.7.4->discord.py) (1.4.1)
Requirement already satisfied: aiosignal>=1.1.2 in ./.venv/lib/python3.11/site-packages (from aiohttp<4,>=3.7.4->discord.py) (1.3.1)
Requirement already satisfied: idna>=2.0 in ./.venv/lib/python3.11/site-packages (from yarl<2.0,>=1.0->aiohttp<4,>=3.7.4->discord.py) (3.6)
Looking in indexes: https://pypi.org/simple, https://www.piwheels.org/simple
Requirement already satisfied: asyncio in ./.venv/lib/python3.11/site-packages (3.4.3)
Looking in indexes: https://pypi.org/simple, https://www.piwheels.org/simple
Requirement already satisfied: firebase-admin in ./.venv/lib/python3.11/site-packages (6.3.0)
Requirement already satisfied: cachecontrol>=0.12.6 in ./.venv/lib/python3.11/site-packages (from firebase-admin) (0.13.1)
Requirement already satisfied: google-api-python-client>=1.7.8 in ./.venv/lib/python3.11/site-packages (from firebase-admin) (2.111.0)
Requirement already satisfied: google-cloud-storage>=1.37.1 in ./.venv/lib/python3.11/site-packages (from firebase-admin) (2.14.0)
Requirement already satisfied: pyjwt[crypto]>=2.5.0 in ./.venv/lib/python3.11/site-packages (from firebase-admin) (2.8.0)
Requirement already satisfied: google-api-core[grpc]<3.0.0dev,>=1.22.1 in ./.venv/lib/python3.11/site-packages (from firebase-admin) (2.15.0)
Requirement already satisfied: google-cloud-firestore>=2.9.1 in ./.venv/lib/python3.11/site-packages (from firebase-admin) (2.14.0)
Requirement already satisfied: requests>=2.16.0 in ./.venv/lib/python3.11/site-packages (from cachecontrol>=0.12.6->firebase-admin) (2.31.0)
Requirement already satisfied: msgpack>=0.5.2 in ./.venv/lib/python3.11/site-packages (from cachecontrol>=0.12.6->firebase-admin) (1.0.7)
Requirement already satisfied: googleapis-common-protos<2.0.dev0,>=1.56.2 in ./.venv/lib/python3.11/site-packages (from google-api-core[grpc]<3.0.0dev,>=1.22.1->firebase-admin) (1.62.0)
Requirement already satisfied: protobuf!=3.20.0,!=3.20.1,!=4.21.0,!=4.21.1,!=4.21.2,!=4.21.3,!=4.21.4,!=4.21.5,<5.0.0.dev0,>=3.19.5 in ./.venv/lib/python3.11/site-packages (from google-api-core[grpc]<3.0.0dev,>=1.22.1->firebase-admin) (4.25.1)
Requirement already satisfied: google-auth<3.0.dev0,>=2.14.1 in ./.venv/lib/python3.11/site-packages (from google-api-core[grpc]<3.0.0dev,>=1.22.1->firebase-admin) (2.25.2)
Requirement already satisfied: grpcio<2.0dev,>=1.33.2 in ./.venv/lib/python3.11/site-packages (from google-api-core[grpc]<3.0.0dev,>=1.22.1->firebase-admin) (1.60.0)
Requirement already satisfied: grpcio-status<2.0.dev0,>=1.33.2 in ./.venv/lib/python3.11/site-packages (from google-api-core[grpc]<3.0.0dev,>=1.22.1->firebase-admin) (1.60.0)
Requirement already satisfied: httplib2<1.dev0,>=0.15.0 in ./.venv/lib/python3.11/site-packages (from google-api-python-client>=1.7.8->firebase-admin) (0.22.0)
Requirement already satisfied: google-auth-httplib2>=0.1.0 in ./.venv/lib/python3.11/site-packages (from google-api-python-client>=1.7.8->firebase-admin) (0.2.0)
Requirement already satisfied: uritemplate<5,>=3.0.1 in ./.venv/lib/python3.11/site-packages (from google-api-python-client>=1.7.8->firebase-admin) (4.1.1)
Requirement already satisfied: google-cloud-core<3.0.0dev,>=1.4.1 in ./.venv/lib/python3.11/site-packages (from google-cloud-firestore>=2.9.1->firebase-admin) (2.4.1)
Requirement already satisfied: proto-plus<2.0.0dev,>=1.22.0 in ./.venv/lib/python3.11/site-packages (from google-cloud-firestore>=2.9.1->firebase-admin) (1.23.0)
Requirement already satisfied: google-resumable-media>=2.6.0 in ./.venv/lib/python3.11/site-packages (from google-cloud-storage>=1.37.1->firebase-admin) (2.7.0)
Requirement already satisfied: google-crc32c<2.0dev,>=1.0 in ./.venv/lib/python3.11/site-packages (from google-cloud-storage>=1.37.1->firebase-admin) (1.5.0)
Requirement already satisfied: cryptography>=3.4.0 in ./.venv/lib/python3.11/site-packages (from pyjwt[crypto]>=2.5.0->firebase-admin) (41.0.7)
Requirement already satisfied: cffi>=1.12 in ./.venv/lib/python3.11/site-packages (from cryptography>=3.4.0->pyjwt[crypto]>=2.5.0->firebase-admin) (1.16.0)
Requirement already satisfied: cachetools<6.0,>=2.0.0 in ./.venv/lib/python3.11/site-packages (from google-auth<3.0.dev0,>=2.14.1->google-api-core[grpc]<3.0.0dev,>=1.22.1->firebase-admin) (5.3.2)
Requirement already satisfied: pyasn1-modules>=0.2.1 in ./.venv/lib/python3.11/site-packages (from google-auth<3.0.dev0,>=2.14.1->google-api-core[grpc]<3.0.0dev,>=1.22.1->firebase-admin) (0.3.0)
Requirement already satisfied: rsa<5,>=3.1.4 in ./.venv/lib/python3.11/site-packages (from google-auth<3.0.dev0,>=2.14.1->google-api-core[grpc]<3.0.0dev,>=1.22.1->firebase-admin) (4.9)
Requirement already satisfied: pyparsing!=3.0.0,!=3.0.1,!=3.0.2,!=3.0.3,<4,>=2.4.2 in ./.venv/lib/python3.11/site-packages (from httplib2<1.dev0,>=0.15.0->google-api-python-client>=1.7.8->firebase-admin) (3.1.1)
Requirement already satisfied: charset-normalizer<4,>=2 in ./.venv/lib/python3.11/site-packages (from requests>=2.16.0->cachecontrol>=0.12.6->firebase-admin) (3.3.2)
Requirement already satisfied: idna<4,>=2.5 in ./.venv/lib/python3.11/site-packages (from requests>=2.16.0->cachecontrol>=0.12.6->firebase-admin) (3.6)
Requirement already satisfied: urllib3<3,>=1.21.1 in ./.venv/lib/python3.11/site-packages (from requests>=2.16.0->cachecontrol>=0.12.6->firebase-admin) (2.1.0)
Requirement already satisfied: certifi>=2017.4.17 in ./.venv/lib/python3.11/site-packages (from requests>=2.16.0->cachecontrol>=0.12.6->firebase-admin) (2023.11.17)
Requirement already satisfied: pycparser in ./.venv/lib/python3.11/site-packages (from cffi>=1.12->cryptography>=3.4.0->pyjwt[crypto]>=2.5.0->firebase-admin) (2.21)
Requirement already satisfied: pyasn1<0.6.0,>=0.4.6 in ./.venv/lib/python3.11/site-packages (from pyasn1-modules>=0.2.1->google-auth<3.0.dev0,>=2.14.1->google-api-core[grpc]<3.0.0dev,>=1.22.1->firebase-admin) (0.5.1)
/home/duythanh/projects/bots/angry-bird/.venv/lib/python3.11/site-packages/google/cloud/firestore_v1/base_collection.py:295: UserWarning: Detected filter using positional arguments. Prefer using the 'filter' keyword argument instead.
  return query.where(field_path, op_string, value)
[2023-12-21 16:42:14] [INFO    ] discord.client: logging in using static token
[2023-12-21 16:42:16] [INFO    ] discord.gateway: Shard ID None has connected to Gateway (Session ID: d6b68b27cc32d8690a60213be83d44fa).
[2023-12-21 16:47:14] [INFO    ] discord.gateway: Shard ID None has successfully RESUMED session d6b68b27cc32d8690a60213be83d44fa.
[2023-12-21 16:47:55] [INFO    ] discord.gateway: Shard ID None has successfully RESUMED session d6b68b27cc32d8690a60213be83d44fa.
